[2014-08-10 09:46:21.587] [INFO] dateFileLog - GET /
[2014-08-10 09:46:22.868] [INFO] dateFileLog - GET /detail?ajax=true&post_id=53e5a676170573342400002e
[2014-08-10 09:46:38.121] [INFO] dateFileLog - GET /discover
[2014-08-10 09:46:38.929] [INFO] dateFileLog - GET /user/index
[2014-08-10 09:46:40.437] [INFO] dateFileLog - GET /post?t=secret
[2014-08-10 09:46:41.083] [INFO] dateFileLog - GET /post?t=confess
[2014-08-10 09:46:41.695] [WARN] dateFileLog - GET /discover
[2014-08-10 09:46:42.545] [WARN] dateFileLog - GET /discover
[2014-08-10 09:46:43.149] [WARN] dateFileLog - GET /post?t=confess
[2014-08-10 09:46:43.840] [WARN] dateFileLog - GET /post?t=secret
[2014-08-10 09:46:44.230] [WARN] dateFileLog - GET /post?t=confess
[2014-08-10 09:46:44.891] [WARN] dateFileLog - GET /discover
[2014-08-10 09:46:45.548] [WARN] dateFileLog - GET /discover
[2014-08-10 09:46:46.825] [WARN] dateFileLog - GET /post?t=secret
[2014-08-10 09:46:47.448] [WARN] dateFileLog - GET /post?t=confess
[2014-08-10 09:46:48.125] [WARN] dateFileLog - GET /discover
[2014-08-10 09:46:48.943] [WARN] dateFileLog - GET /user/index
[2014-08-10 09:46:49.619] [WARN] dateFileLog - GET /discover
[2014-08-10 09:46:50.049] [WARN] dateFileLog - GET /post?t=confess
[2014-08-10 09:46:50.689] [WARN] dateFileLog - GET /post?t=secret
[2014-08-10 09:46:51.395] [WARN] dateFileLog - GET /post?t=confess
[2014-08-10 09:46:51.807] [WARN] dateFileLog - GET /discover
[2014-08-10 09:46:52.504] [WARN] dateFileLog - GET /user/index
[2014-08-10 09:46:53.171] [WARN] dateFileLog - GET /discover
[2014-08-10 09:46:53.600] [WARN] dateFileLog - GET /post?t=confess
[2014-08-10 09:46:54.321] [WARN] dateFileLog - GET /post?t=secret
[2014-08-10 09:46:54.998] [WARN] dateFileLog - GET /post?t=confess
[2014-08-10 09:46:55.619] [WARN] dateFileLog - GET /discover
[2014-08-10 09:46:56.060] [WARN] dateFileLog - GET /user/index
[2014-08-10 09:46:56.668] [WARN] dateFileLog - GET /discover
[2014-08-10 09:46:58.461] [INFO] dateFileLog - GET /create_advise
[2014-08-10 09:47:00.518] [WARN] dateFileLog - GET /discover
[2014-08-10 09:47:01.326] [WARN] dateFileLog - GET /post?t=secret
[2014-08-10 09:47:03.875] [INFO] dateFileLog - GET /post?t=secret&filter=top
[2014-08-10 09:47:04.601] [INFO] dateFileLog - GET /post?t=secret&filter=city
[2014-08-10 09:47:05.278] [INFO] dateFileLog - GET /post?t=secret&filter=24
[2014-08-10 09:47:05.925] [WARN] dateFileLog - GET /post?t=secret&filter=city
[2014-08-10 09:47:06.869] [INFO] dateFileLog - GET /post?t=secret&filter=school
[2014-08-10 09:47:10.947] [ERROR] dateFileLog - GET /pos
[2014-08-10 09:48:08.710] [WARN] dateFileLog - GET /discover
[2014-08-10 09:48:23.706] [WARN] dateFileLog - GET /discover
[2014-08-10 09:48:24.782] [WARN] dateFileLog - GET /post?t=confess
[2014-08-10 09:48:26.185] [ERROR] dateFileLog - GET /detail?ajax=true&post_id=53e60d680092eda021000030
[2014-08-10 09:55:02.114] [ERROR] dateFileLog - GET /detail?ajax=true&post_id=53e5a676170573342400002e
[2014-08-10 09:56:59.696] [INFO] dateFileLog - GET /post?t=secret
[2014-08-10 09:57:01.774] [INFO] dateFileLog - GET /post?t=confess
[2014-08-10 09:57:02.593] [INFO] dateFileLog - GET /discover
[2014-08-10 09:57:03.317] [WARN] dateFileLog - GET /post?t=secret
[2014-08-10 09:57:06.431] [INFO] dateFileLog - POST /post/create?t=secret
[2014-08-10 09:57:08.189] [ERROR] dateFileLog - GET /detail?ajax=true&post_id=53e6d1729ca2fd6c12000005
[2014-08-10 09:58:39.898] [ERROR] dateFileLog - GET /detail?ajax=true&post_id=53e6d1729ca2fd6c12000005
